[2023-06-16 16:20:14,033] IN-PG0352WB/INFO/locust.main: Run time limit set to 10 seconds
[2023-06-16 16:20:14,033] IN-PG0352WB/INFO/locust.main: Starting Locust 2.15.2.dev24
[2023-06-16 16:20:14,033] IN-PG0352WB/INFO/locust.runners: Ramping to 1 users at a rate of 1.00 per second
[2023-06-16 16:20:14,033] IN-PG0352WB/INFO/locust.runners: All users spawned: {"Run": 1} (1 total users)
[2023-06-16 16:20:16,214] IN-PG0352WB/ERROR/01_Openaccount: USer srk1 not able to login
[2023-06-16 16:20:23,732] IN-PG0352WB/INFO/locust.main: --run-time limit reached, shutting down
[2023-06-16 16:20:23,732] IN-PG0352WB/INFO/locust.main: Shutting down (exit code 1)
[2023-06-16 16:21:31,521] IN-PG0352WB/INFO/locust.main: Run time limit set to 10 seconds
[2023-06-16 16:21:31,521] IN-PG0352WB/INFO/locust.main: Starting Locust 2.15.2.dev24
[2023-06-16 16:21:31,521] IN-PG0352WB/INFO/locust.runners: Ramping to 1 users at a rate of 1.00 per second
[2023-06-16 16:21:31,521] IN-PG0352WB/INFO/locust.runners: All users spawned: {"Run": 1} (1 total users)
[2023-06-16 16:21:34,185] IN-PG0352WB/ERROR/01_Openaccount: User SRKUSER1 not able to login
[2023-06-16 16:21:41,181] IN-PG0352WB/INFO/locust.main: --run-time limit reached, shutting down
[2023-06-16 16:21:41,181] IN-PG0352WB/INFO/locust.main: Shutting down (exit code 1)
[2023-06-19 11:24:53,844] IN-PG0352WB/INFO/locust.main: Run time limit set to 10 seconds
[2023-06-19 11:24:53,844] IN-PG0352WB/INFO/locust.main: Starting Locust 2.15.2.dev24
[2023-06-19 11:24:53,844] IN-PG0352WB/INFO/locust.runners: Ramping to 1 users at a rate of 1.00 per second
[2023-06-19 11:24:53,844] IN-PG0352WB/INFO/locust.runners: All users spawned: {"Run": 1} (1 total users)
[2023-06-19 11:24:55,501] IN-PG0352WB/ERROR/01_Openaccount: User SRKUSER1 not able to login
[2023-06-19 11:25:02,253] IN-PG0352WB/INFO/locust.main: --run-time limit reached, shutting down
[2023-06-19 11:25:02,263] IN-PG0352WB/INFO/locust.main: Shutting down (exit code 1)
